<?xml version="1.0" encoding="UTF-8"?>
<testsuite xmlns:xsi="http://www.w3.org/2001/XMLSchema-instance" xsi:noNamespaceSchemaLocation="https://maven.apache.org/surefire/maven-failsafe-plugin/xsd/failsafe-test-report-3.0.xsd" version="3.0" name="com.Inter.AdminRecogidas.Runner.RunnerAdmin" time="738.217" tests="4" errors="0" skipped="0" failures="0">
  <properties>
    <property name="sun.desktop" value="windows"/>
    <property name="awt.toolkit" value="sun.awt.windows.WToolkit"/>
    <property name="java.specification.version" value="1.8"/>
    <property name="file.encoding.pkg" value="sun.io"/>
    <property name="webdriver.chrome.driver" value="C:\Users\esneyderfromero\.cache\selenium\chromedriver\win32\107.0.5304.62\chromedriver.exe"/>
    <property name="sun.cpu.isalist" value="amd64"/>
    <property name="sun.jnu.encoding" value="Cp1252"/>
    <property name="java.class.path" value="C:\Users\esneyderfromero\Desktop\Proyectos de automatizacion\Admin Recogidas\target\test-classes;C:\Users\esneyderfromero\Desktop\Proyectos de automatizacion\Admin Recogidas\target\AdminRecogidas-0.0.1-SNAPSHOT.jar;C:\Users\esneyderfromero\.m2\repository\com\opencsv\opencsv\5.5.2\opencsv-5.5.2.jar;C:\Users\esneyderfromero\.m2\repository\org\apache\commons\commons-lang3\3.12.0\commons-lang3-3.12.0.jar;C:\Users\esneyderfromero\.m2\repository\org\apache\commons\commons-text\1.9\commons-text-1.9.jar;C:\Users\esneyderfromero\.m2\repository\commons-beanutils\commons-beanutils\1.9.4\commons-beanutils-1.9.4.jar;C:\Users\esneyderfromero\.m2\repository\org\apache\commons\commons-collections4\4.4\commons-collections4-4.4.jar;C:\Users\esneyderfromero\.m2\repository\org\seleniumhq\selenium\selenium-java\3.141.59\selenium-java-3.141.59.jar;C:\Users\esneyderfromero\.m2\repository\org\seleniumhq\selenium\selenium-api\3.141.59\selenium-api-3.141.59.jar;C:\Users\esneyderfromero\.m2\repository\org\seleniumhq\selenium\selenium-chrome-driver\3.141.59\selenium-chrome-driver-3.141.59.jar;C:\Users\esneyderfromero\.m2\repository\org\seleniumhq\selenium\selenium-edge-driver\3.141.59\selenium-edge-driver-3.141.59.jar;C:\Users\esneyderfromero\.m2\repository\org\seleniumhq\selenium\selenium-firefox-driver\3.141.59\selenium-firefox-driver-3.141.59.jar;C:\Users\esneyderfromero\.m2\repository\org\seleniumhq\selenium\selenium-ie-driver\3.141.59\selenium-ie-driver-3.141.59.jar;C:\Users\esneyderfromero\.m2\repository\org\seleniumhq\selenium\selenium-opera-driver\3.141.59\selenium-opera-driver-3.141.59.jar;C:\Users\esneyderfromero\.m2\repository\org\seleniumhq\selenium\selenium-remote-driver\3.141.59\selenium-remote-driver-3.141.59.jar;C:\Users\esneyderfromero\.m2\repository\org\seleniumhq\selenium\selenium-safari-driver\3.141.59\selenium-safari-driver-3.141.59.jar;C:\Users\esneyderfromero\.m2\repository\org\seleniumhq\selenium\selenium-support\3.141.59\selenium-support-3.141.59.jar;C:\Users\esneyderfromero\.m2\repository\net\bytebuddy\byte-buddy\1.8.15\byte-buddy-1.8.15.jar;C:\Users\esneyderfromero\.m2\repository\org\apache\commons\commons-exec\1.3\commons-exec-1.3.jar;C:\Users\esneyderfromero\.m2\repository\com\google\guava\guava\25.0-jre\guava-25.0-jre.jar;C:\Users\esneyderfromero\.m2\repository\com\google\code\findbugs\jsr305\1.3.9\jsr305-1.3.9.jar;C:\Users\esneyderfromero\.m2\repository\org\checkerframework\checker-compat-qual\2.0.0\checker-compat-qual-2.0.0.jar;C:\Users\esneyderfromero\.m2\repository\com\google\errorprone\error_prone_annotations\2.1.3\error_prone_annotations-2.1.3.jar;C:\Users\esneyderfromero\.m2\repository\com\google\j2objc\j2objc-annotations\1.1\j2objc-annotations-1.1.jar;C:\Users\esneyderfromero\.m2\repository\org\codehaus\mojo\animal-sniffer-annotations\1.14\animal-sniffer-annotations-1.14.jar;C:\Users\esneyderfromero\.m2\repository\com\squareup\okhttp3\okhttp\3.11.0\okhttp-3.11.0.jar;C:\Users\esneyderfromero\.m2\repository\com\squareup\okio\okio\1.14.0\okio-1.14.0.jar;C:\Users\esneyderfromero\.m2\repository\net\serenity-bdd\serenity-core\2.5.10\serenity-core-2.5.10.jar;C:\Users\esneyderfromero\.m2\repository\net\serenity-bdd\serenity-model\2.5.10\serenity-model-2.5.10.jar;C:\Users\esneyderfromero\.m2\repository\commons-net\commons-net\3.6\commons-net-3.6.jar;C:\Users\esneyderfromero\.m2\repository\com\google\inject\guice\5.0.1\guice-5.0.1.jar;C:\Users\esneyderfromero\.m2\repository\javax\inject\javax.inject\1\javax.inject-1.jar;C:\Users\esneyderfromero\.m2\repository\aopalliance\aopalliance\1.0\aopalliance-1.0.jar;C:\Users\esneyderfromero\.m2\repository\org\jsoup\jsoup\1.13.1\jsoup-1.13.1.jar;C:\Users\esneyderfromero\.m2\repository\com\thoughtworks\xstream\xstream\1.4.17\xstream-1.4.17.jar;C:\Users\esneyderfromero\.m2\repository\io\github\x-stream\mxparser\1.2.1\mxparser-1.2.1.jar;C:\Users\esneyderfromero\.m2\repository\xmlpull\xmlpull\1.1.3.1\xmlpull-1.1.3.1.jar;C:\Users\esneyderfromero\.m2\repository\com\typesafe\config\1.3.1\config-1.3.1.jar;C:\Users\esneyderfromero\.m2\repository\org\imgscalr\imgscalr-lib\4.2\imgscalr-lib-4.2.jar;C:\Users\esneyderfromero\.m2\repository\org\awaitility\awaitility\4.0.3\awaitility-4.0.3.jar;C:\Users\esneyderfromero\.m2\repository\org\freemarker\freemarker\2.3.29\freemarker-2.3.29.jar;C:\Users\esneyderfromero\.m2\repository\net\sourceforge\jexcelapi\jxl\2.6.12\jxl-2.6.12.jar;C:\Users\esneyderfromero\.m2\repository\org\asciidoctor\asciidoctorj\2.5.1\asciidoctorj-2.5.1.jar;C:\Users\esneyderfromero\.m2\repository\org\asciidoctor\asciidoctorj-api\2.5.1\asciidoctorj-api-2.5.1.jar;C:\Users\esneyderfromero\.m2\repository\org\jruby\jruby\9.2.17.0\jruby-9.2.17.0.jar;C:\Users\esneyderfromero\.m2\repository\org\jruby\jruby-core\9.2.17.0\jruby-core-9.2.17.0.jar;C:\Users\esneyderfromero\.m2\repository\com\github\jnr\jnr-netdb\1.2.0\jnr-netdb-1.2.0.jar;C:\Users\esneyderfromero\.m2\repository\com\github\jnr\jnr-enxio\0.32.3\jnr-enxio-0.32.3.jar;C:\Users\esneyderfromero\.m2\repository\com\github\jnr\jnr-unixsocket\0.38.5\jnr-unixsocket-0.38.5.jar;C:\Users\esneyderfromero\.m2\repository\com\github\jnr\jnr-posix\3.1.4\jnr-posix-3.1.4.jar;C:\Users\esneyderfromero\.m2\repository\com\github\jnr\jnr-constants\0.10.1\jnr-constants-0.10.1.jar;C:\Users\esneyderfromero\.m2\repository\com\github\jnr\jffi\1.3.1\jffi-1.3.1.jar;C:\Users\esneyderfromero\.m2\repository\com\github\jnr\jffi\1.3.1\jffi-1.3.1-native.jar;C:\Users\esneyderfromero\.m2\repository\org\jruby\joni\joni\2.1.31\joni-2.1.31.jar;C:\Users\esneyderfromero\.m2\repository\org\jruby\jcodings\jcodings\1.0.46\jcodings-1.0.46.jar;C:\Users\esneyderfromero\.m2\repository\org\jruby\dirgra\0.3\dirgra-0.3.jar;C:\Users\esneyderfromero\.m2\repository\com\headius\invokebinder\1.11\invokebinder-1.11.jar;C:\Users\esneyderfromero\.m2\repository\com\headius\options\1.4\options-1.4.jar;C:\Users\esneyderfromero\.m2\repository\com\jcraft\jzlib\1.1.3\jzlib-1.1.3.jar;C:\Users\esneyderfromero\.m2\repository\com\martiansoftware\nailgun-server\0.9.1\nailgun-server-0.9.1.jar;C:\Users\esneyderfromero\.m2\repository\com\headius\backport9\1.8\backport9-1.8.jar;C:\Users\esneyderfromero\.m2\repository\javax\annotation\javax.annotation-api\1.3.1\javax.annotation-api-1.3.1.jar;C:\Users\esneyderfromero\.m2\repository\org\jruby\jruby-stdlib\9.2.17.0\jruby-stdlib-9.2.17.0.jar;C:\Users\esneyderfromero\.m2\repository\net\bytebuddy\byte-buddy-agent\1.11.1\byte-buddy-agent-1.11.1.jar;C:\Users\esneyderfromero\.m2\repository\org\objenesis\objenesis\3.1\objenesis-3.1.jar;C:\Users\esneyderfromero\.m2\repository\net\serenity-bdd\serenity-reports\2.5.10\serenity-reports-2.5.10.jar;C:\Users\esneyderfromero\.m2\repository\com\vladsch\flexmark\flexmark-all\0.34.30\flexmark-all-0.34.30.jar;C:\Users\esneyderfromero\.m2\repository\com\vladsch\flexmark\flexmark\0.34.30\flexmark-0.34.30.jar;C:\Users\esneyderfromero\.m2\repository\com\vladsch\flexmark\flexmark-ext-abbreviation\0.34.30\flexmark-ext-abbreviation-0.34.30.jar;C:\Users\esneyderfromero\.m2\repository\com\vladsch\flexmark\flexmark-ext-admonition\0.34.30\flexmark-ext-admonition-0.34.30.jar;C:\Users\esneyderfromero\.m2\repository\com\vladsch\flexmark\flexmark-ext-anchorlink\0.34.30\flexmark-ext-anchorlink-0.34.30.jar;C:\Users\esneyderfromero\.m2\repository\com\vladsch\flexmark\flexmark-ext-aside\0.34.30\flexmark-ext-aside-0.34.30.jar;C:\Users\esneyderfromero\.m2\repository\com\vladsch\flexmark\flexmark-ext-attributes\0.34.30\flexmark-ext-attributes-0.34.30.jar;C:\Users\esneyderfromero\.m2\repository\com\vladsch\flexmark\flexmark-ext-autolink\0.34.30\flexmark-ext-autolink-0.34.30.jar;C:\Users\esneyderfromero\.m2\repository\org\nibor\autolink\autolink\0.6.0\autolink-0.6.0.jar;C:\Users\esneyderfromero\.m2\repository\com\vladsch\flexmark\flexmark-ext-definition\0.34.30\flexmark-ext-definition-0.34.30.jar;C:\Users\esneyderfromero\.m2\repository\com\vladsch\flexmark\flexmark-ext-emoji\0.34.30\flexmark-ext-emoji-0.34.30.jar;C:\Users\esneyderfromero\.m2\repository\com\vladsch\flexmark\flexmark-ext-enumerated-reference\0.34.30\flexmark-ext-enumerated-reference-0.34.30.jar;C:\Users\esneyderfromero\.m2\repository\com\vladsch\flexmark\flexmark-ext-escaped-character\0.34.30\flexmark-ext-escaped-character-0.34.30.jar;C:\Users\esneyderfromero\.m2\repository\com\vladsch\flexmark\flexmark-ext-footnotes\0.34.30\flexmark-ext-footnotes-0.34.30.jar;C:\Users\esneyderfromero\.m2\repository\com\vladsch\flexmark\flexmark-ext-gfm-issues\0.34.30\flexmark-ext-gfm-issues-0.34.30.jar;C:\Users\esneyderfromero\.m2\repository\com\vladsch\flexmark\flexmark-ext-gfm-strikethrough\0.34.30\flexmark-ext-gfm-strikethrough-0.34.30.jar;C:\Users\esneyderfromero\.m2\repository\com\vladsch\flexmark\flexmark-ext-gfm-tables\0.34.30\flexmark-ext-gfm-tables-0.34.30.jar;C:\Users\esneyderfromero\.m2\repository\com\vladsch\flexmark\flexmark-ext-gfm-tasklist\0.34.30\flexmark-ext-gfm-tasklist-0.34.30.jar;C:\Users\esneyderfromero\.m2\repository\com\vladsch\flexmark\flexmark-ext-gfm-users\0.34.30\flexmark-ext-gfm-users-0.34.30.jar;C:\Users\esneyderfromero\.m2\repository\com\vladsch\flexmark\flexmark-ext-gitlab\0.34.30\flexmark-ext-gitlab-0.34.30.jar;C:\Users\esneyderfromero\.m2\repository\com\vladsch\flexmark\flexmark-ext-jekyll-front-matter\0.34.30\flexmark-ext-jekyll-front-matter-0.34.30.jar;C:\Users\esneyderfromero\.m2\repository\com\vladsch\flexmark\flexmark-ext-jekyll-tag\0.34.30\flexmark-ext-jekyll-tag-0.34.30.jar;C:\Users\esneyderfromero\.m2\repository\com\vladsch\flexmark\flexmark-ext-media-tags\0.34.30\flexmark-ext-media-tags-0.34.30.jar;C:\Users\esneyderfromero\.m2\repository\com\vladsch\flexmark\flexmark-test-util\0.34.30\flexmark-test-util-0.34.30.jar;C:\Users\esneyderfromero\.m2\repository\com\vladsch\flexmark\flexmark-ext-ins\0.34.30\flexmark-ext-ins-0.34.30.jar;C:\Users\esneyderfromero\.m2\repository\com\vladsch\flexmark\flexmark-ext-xwiki-macros\0.34.30\flexmark-ext-xwiki-macros-0.34.30.jar;C:\Users\esneyderfromero\.m2\repository\com\vladsch\flexmark\flexmark-ext-superscript\0.34.30\flexmark-ext-superscript-0.34.30.jar;C:\Users\esneyderfromero\.m2\repository\com\vladsch\flexmark\flexmark-ext-tables\0.34.30\flexmark-ext-tables-0.34.30.jar;C:\Users\esneyderfromero\.m2\repository\com\vladsch\flexmark\flexmark-ext-toc\0.34.30\flexmark-ext-toc-0.34.30.jar;C:\Users\esneyderfromero\.m2\repository\com\vladsch\flexmark\flexmark-ext-typographic\0.34.30\flexmark-ext-typographic-0.34.30.jar;C:\Users\esneyderfromero\.m2\repository\com\vladsch\flexmark\flexmark-ext-wikilink\0.34.30\flexmark-ext-wikilink-0.34.30.jar;C:\Users\esneyderfromero\.m2\repository\com\vladsch\flexmark\flexmark-ext-yaml-front-matter\0.34.30\flexmark-ext-yaml-front-matter-0.34.30.jar;C:\Users\esneyderfromero\.m2\repository\com\vladsch\flexmark\flexmark-ext-youtube-embedded\0.34.30\flexmark-ext-youtube-embedded-0.34.30.jar;C:\Users\esneyderfromero\.m2\repository\com\vladsch\flexmark\flexmark-formatter\0.34.30\flexmark-formatter-0.34.30.jar;C:\Users\esneyderfromero\.m2\repository\com\vladsch\flexmark\flexmark-html-parser\0.34.30\flexmark-html-parser-0.34.30.jar;C:\Users\esneyderfromero\.m2\repository\com\vladsch\flexmark\flexmark-jira-converter\0.34.30\flexmark-jira-converter-0.34.30.jar;C:\Users\esneyderfromero\.m2\repository\com\vladsch\flexmark\flexmark-pdf-converter\0.34.30\flexmark-pdf-converter-0.34.30.jar;C:\Users\esneyderfromero\.m2\repository\com\openhtmltopdf\openhtmltopdf-core\0.0.1-RC13\openhtmltopdf-core-0.0.1-RC13.jar;C:\Users\esneyderfromero\.m2\repository\com\openhtmltopdf\openhtmltopdf-pdfbox\0.0.1-RC13\openhtmltopdf-pdfbox-0.0.1-RC13.jar;C:\Users\esneyderfromero\.m2\repository\org\apache\pdfbox\pdfbox\2.0.8\pdfbox-2.0.8.jar;C:\Users\esneyderfromero\.m2\repository\org\apache\pdfbox\fontbox\2.0.8\fontbox-2.0.8.jar;C:\Users\esneyderfromero\.m2\repository\org\apache\pdfbox\xmpbox\2.0.8\xmpbox-2.0.8.jar;C:\Users\esneyderfromero\.m2\repository\de\rototor\pdfbox\graphics2d\0.12\graphics2d-0.12.jar;C:\Users\esneyderfromero\.m2\repository\com\openhtmltopdf\openhtmltopdf-rtl-support\0.0.1-RC13\openhtmltopdf-rtl-support-0.0.1-RC13.jar;C:\Users\esneyderfromero\.m2\repository\com\ibm\icu\icu4j\59.1\icu4j-59.1.jar;C:\Users\esneyderfromero\.m2\repository\com\openhtmltopdf\openhtmltopdf-jsoup-dom-converter\0.0.1-RC13\openhtmltopdf-jsoup-dom-converter-0.0.1-RC13.jar;C:\Users\esneyderfromero\.m2\repository\com\vladsch\flexmark\flexmark-profile-pegdown\0.34.30\flexmark-profile-pegdown-0.34.30.jar;C:\Users\esneyderfromero\.m2\repository\com\vladsch\flexmark\flexmark-util\0.34.30\flexmark-util-0.34.30.jar;C:\Users\esneyderfromero\.m2\repository\com\vladsch\flexmark\flexmark-youtrack-converter\0.34.30\flexmark-youtrack-converter-0.34.30.jar;C:\Users\esneyderfromero\.m2\repository\es\nitaur\markdown\txtmark\0.16\txtmark-0.16.jar;C:\Users\esneyderfromero\.m2\repository\net\serenity-bdd\serenity-report-resources\2.5.10\serenity-report-resources-2.5.10.jar;C:\Users\esneyderfromero\.m2\repository\com\google\code\gson\gson\2.8.7\gson-2.8.7.jar;C:\Users\esneyderfromero\.m2\repository\com\fasterxml\jackson\core\jackson-core\2.12.4\jackson-core-2.12.4.jar;C:\Users\esneyderfromero\.m2\repository\com\fasterxml\jackson\core\jackson-databind\2.12.4\jackson-databind-2.12.4.jar;C:\Users\esneyderfromero\.m2\repository\com\fasterxml\jackson\core\jackson-annotations\2.12.4\jackson-annotations-2.12.4.jar;C:\Users\esneyderfromero\.m2\repository\commons-codec\commons-codec\1.15\commons-codec-1.15.jar;C:\Users\esneyderfromero\.m2\repository\commons-io\commons-io\2.8.0\commons-io-2.8.0.jar;C:\Users\esneyderfromero\.m2\repository\org\seleniumhq\selenium\selenium-server\3.141.59\selenium-server-3.141.59.jar;C:\Users\esneyderfromero\.m2\repository\com\beust\jcommander\1.72\jcommander-1.72.jar;C:\Users\esneyderfromero\.m2\repository\net\jcip\jcip-annotations\1.0\jcip-annotations-1.0.jar;C:\Users\esneyderfromero\.m2\repository\org\seleniumhq\selenium\jetty-repacked\9.4.12.v20180830\jetty-repacked-9.4.12.v20180830.jar;C:\Users\esneyderfromero\.m2\repository\javax\servlet\javax.servlet-api\3.1.0\javax.servlet-api-3.1.0.jar;C:\Users\esneyderfromero\.m2\repository\org\yaml\snakeyaml\1.19\snakeyaml-1.19.jar;C:\Users\esneyderfromero\.m2\repository\net\sourceforge\htmlunit\htmlunit\2.47.1\htmlunit-2.47.1.jar;C:\Users\esneyderfromero\.m2\repository\xalan\xalan\2.7.2\xalan-2.7.2.jar;C:\Users\esneyderfromero\.m2\repository\xalan\serializer\2.7.2\serializer-2.7.2.jar;C:\Users\esneyderfromero\.m2\repository\org\apache\httpcomponents\httpmime\4.5.13\httpmime-4.5.13.jar;C:\Users\esneyderfromero\.m2\repository\org\apache\httpcomponents\httpclient\4.5.13\httpclient-4.5.13.jar;C:\Users\esneyderfromero\.m2\repository\org\apache\httpcomponents\httpcore\4.4.13\httpcore-4.4.13.jar;C:\Users\esneyderfromero\.m2\repository\net\sourceforge\htmlunit\htmlunit-core-js\2.47.0\htmlunit-core-js-2.47.0.jar;C:\Users\esneyderfromero\.m2\repository\net\sourceforge\htmlunit\neko-htmlunit\2.47.1\neko-htmlunit-2.47.1.jar;C:\Users\esneyderfromero\.m2\repository\xerces\xercesImpl\2.12.0\xercesImpl-2.12.0.jar;C:\Users\esneyderfromero\.m2\repository\net\sourceforge\htmlunit\htmlunit-cssparser\1.7.0\htmlunit-cssparser-1.7.0.jar;C:\Users\esneyderfromero\.m2\repository\org\brotli\dec\0.1.2\dec-0.1.2.jar;C:\Users\esneyderfromero\.m2\repository\com\shapesecurity\salvation2\3.0.0\salvation2-3.0.0.jar;C:\Users\esneyderfromero\.m2\repository\org\eclipse\jetty\websocket\websocket-client\9.4.36.v20210114\websocket-client-9.4.36.v20210114.jar;C:\Users\esneyderfromero\.m2\repository\org\eclipse\jetty\jetty-client\9.4.36.v20210114\jetty-client-9.4.36.v20210114.jar;C:\Users\esneyderfromero\.m2\repository\org\eclipse\jetty\jetty-http\9.4.36.v20210114\jetty-http-9.4.36.v20210114.jar;C:\Users\esneyderfromero\.m2\repository\org\eclipse\jetty\jetty-util\9.4.36.v20210114\jetty-util-9.4.36.v20210114.jar;C:\Users\esneyderfromero\.m2\repository\org\eclipse\jetty\jetty-io\9.4.36.v20210114\jetty-io-9.4.36.v20210114.jar;C:\Users\esneyderfromero\.m2\repository\org\eclipse\jetty\websocket\websocket-common\9.4.36.v20210114\websocket-common-9.4.36.v20210114.jar;C:\Users\esneyderfromero\.m2\repository\org\eclipse\jetty\websocket\websocket-api\9.4.36.v20210114\websocket-api-9.4.36.v20210114.jar;C:\Users\esneyderfromero\.m2\repository\org\projectlombok\lombok\1.18.20\lombok-1.18.20.jar;C:\Users\esneyderfromero\.m2\repository\org\seleniumhq\selenium\htmlunit-driver\2.47.1\htmlunit-driver-2.47.1.jar;C:\Users\esneyderfromero\.m2\repository\com\codeborne\phantomjsdriver\1.4.4\phantomjsdriver-1.4.4.jar;C:\Users\esneyderfromero\.m2\repository\io\appium\java-client\7.5.1\java-client-7.5.1.jar;C:\Users\esneyderfromero\.m2\repository\commons-validator\commons-validator\1.7\commons-validator-1.7.jar;C:\Users\esneyderfromero\.m2\repository\commons-digester\commons-digester\2.1\commons-digester-2.1.jar;C:\Users\esneyderfromero\.m2\repository\org\aspectj\aspectjweaver\1.9.6\aspectjweaver-1.9.6.jar;C:\Users\esneyderfromero\.m2\repository\org\codehaus\groovy\groovy\3.0.8\groovy-3.0.8.jar;C:\Users\esneyderfromero\.m2\repository\net\sf\opencsv\opencsv\2.0\opencsv-2.0.jar;C:\Users\esneyderfromero\.m2\repository\commons-collections\commons-collections\3.2.2\commons-collections-3.2.2.jar;C:\Users\esneyderfromero\.m2\repository\org\fluentlenium\fluentlenium-core\0.10.2\fluentlenium-core-0.10.2.jar;C:\Users\esneyderfromero\.m2\repository\io\github\bonigarcia\webdrivermanager\4.4.1\webdrivermanager-4.4.1.jar;C:\Users\esneyderfromero\.m2\repository\org\apache\httpcomponents\client5\httpclient5\5.0.3\httpclient5-5.0.3.jar;C:\Users\esneyderfromero\.m2\repository\org\apache\httpcomponents\core5\httpcore5\5.0.2\httpcore5-5.0.2.jar;C:\Users\esneyderfromero\.m2\repository\org\apache\httpcomponents\core5\httpcore5-h2\5.0.2\httpcore5-h2-5.0.2.jar;C:\Users\esneyderfromero\.m2\repository\org\rauschig\jarchivelib\1.1.0\jarchivelib-1.1.0.jar;C:\Users\esneyderfromero\.m2\repository\com\jhlabs\filters\2.0.235\filters-2.0.235.jar;C:\Users\esneyderfromero\.m2\repository\com\paulhammant\ngwebdriver\1.1.5\ngwebdriver-1.1.5.jar;C:\Users\esneyderfromero\.m2\repository\joda-time\joda-time\2.8.2\joda-time-2.8.2.jar;C:\Users\esneyderfromero\.m2\repository\org\hamcrest\hamcrest\2.2\hamcrest-2.2.jar;C:\Users\esneyderfromero\.m2\repository\com\google\jimfs\jimfs\1.1\jimfs-1.1.jar;C:\Users\esneyderfromero\.m2\repository\org\mockito\mockito-core\3.3.3\mockito-core-3.3.3.jar;C:\Users\esneyderfromero\.m2\repository\javax\xml\bind\jaxb-api\2.3.1\jaxb-api-2.3.1.jar;C:\Users\esneyderfromero\.m2\repository\javax\activation\javax.activation-api\1.2.0\javax.activation-api-1.2.0.jar;C:\Users\esneyderfromero\.m2\repository\com\sun\xml\bind\jaxb-core\2.3.0.1\jaxb-core-2.3.0.1.jar;C:\Users\esneyderfromero\.m2\repository\com\sun\xml\bind\jaxb-impl\2.3.3\jaxb-impl-2.3.3.jar;C:\Users\esneyderfromero\.m2\repository\jakarta\xml\bind\jakarta.xml.bind-api\2.3.3\jakarta.xml.bind-api-2.3.3.jar;C:\Users\esneyderfromero\.m2\repository\com\sun\activation\jakarta.activation\1.2.2\jakarta.activation-1.2.2.jar;C:\Users\esneyderfromero\.m2\repository\javax\activation\activation\1.1.1\activation-1.1.1.jar;C:\Users\esneyderfromero\.m2\repository\net\serenity-bdd\serenity-single-page-report\2.5.10\serenity-single-page-report-2.5.10.jar;C:\Users\esneyderfromero\.m2\repository\net\serenity-bdd\serenity-stats\2.5.10\serenity-stats-2.5.10.jar;C:\Users\esneyderfromero\.m2\repository\net\serenity-bdd\serenity-reports-configuration\2.5.10\serenity-reports-configuration-2.5.10.jar;C:\Users\esneyderfromero\.m2\repository\org\jetbrains\kotlin\kotlin-stdlib\1.5.0\kotlin-stdlib-1.5.0.jar;C:\Users\esneyderfromero\.m2\repository\org\jetbrains\annotations\13.0\annotations-13.0.jar;C:\Users\esneyderfromero\.m2\repository\org\jetbrains\kotlin\kotlin-stdlib-common\1.5.0\kotlin-stdlib-common-1.5.0.jar;C:\Users\esneyderfromero\.m2\repository\org\thymeleaf\thymeleaf\3.0.11.RELEASE\thymeleaf-3.0.11.RELEASE.jar;C:\Users\esneyderfromero\.m2\repository\ognl\ognl\3.1.12\ognl-3.1.12.jar;C:\Users\esneyderfromero\.m2\repository\org\attoparser\attoparser\2.0.5.RELEASE\attoparser-2.0.5.RELEASE.jar;C:\Users\esneyderfromero\.m2\repository\org\unbescape\unbescape\1.1.6.RELEASE\unbescape-1.1.6.RELEASE.jar;C:\Users\esneyderfromero\.m2\repository\org\javassist\javassist\3.21.0-GA\javassist-3.21.0-GA.jar;C:\Users\esneyderfromero\.m2\repository\org\knowm\xchart\xchart\3.5.2\xchart-3.5.2.jar;C:\Users\esneyderfromero\.m2\repository\de\erichseifert\vectorgraphics2d\VectorGraphics2D\0.13\VectorGraphics2D-0.13.jar;C:\Users\esneyderfromero\.m2\repository\org\thymeleaf\extras\thymeleaf-extras-java8time\3.0.4.RELEASE\thymeleaf-extras-java8time-3.0.4.RELEASE.jar;C:\Users\esneyderfromero\.m2\repository\net\serenity-bdd\serenity-junit\2.5.10\serenity-junit-2.5.10.jar;C:\Users\esneyderfromero\.m2\repository\net\serenity-bdd\serenity-ensure\2.5.10\serenity-ensure-2.5.10.jar;C:\Users\esneyderfromero\.m2\repository\net\serenity-bdd\serenity-screenplay\2.5.10\serenity-screenplay-2.5.10.jar;C:\Users\esneyderfromero\.m2\repository\net\serenity-bdd\serenity-screenplay-webdriver\2.5.10\serenity-screenplay-webdriver-2.5.10.jar;C:\Users\esneyderfromero\.m2\repository\net\serenity-bdd\serenity-assertions\2.5.10\serenity-assertions-2.5.10.jar;C:\Users\esneyderfromero\.m2\repository\net\serenity-bdd\serenity-cucumber6\2.3.2\serenity-cucumber6-2.3.2.jar;C:\Users\esneyderfromero\.m2\repository\io\cucumber\cucumber-junit\6.6.0\cucumber-junit-6.6.0.jar;C:\Users\esneyderfromero\.m2\repository\io\cucumber\datatable-matchers\3.4.0\datatable-matchers-3.4.0.jar;C:\Users\esneyderfromero\.m2\repository\io\cucumber\datatable\3.4.0\datatable-3.4.0.jar;C:\Users\esneyderfromero\.m2\repository\commons-logging\commons-logging\1.2\commons-logging-1.2.jar;C:\Users\esneyderfromero\.m2\repository\org\apache\commons\commons-csv\1.5\commons-csv-1.5.jar;C:\Users\esneyderfromero\.m2\repository\junit\junit\4.12\junit-4.12.jar;C:\Users\esneyderfromero\.m2\repository\org\hamcrest\hamcrest-core\1.3\hamcrest-core-1.3.jar;C:\Users\esneyderfromero\.m2\repository\io\cucumber\cucumber-java\6.11.0\cucumber-java-6.11.0.jar;C:\Users\esneyderfromero\.m2\repository\io\cucumber\cucumber-core\6.11.0\cucumber-core-6.11.0.jar;C:\Users\esneyderfromero\.m2\repository\io\cucumber\cucumber-gherkin\6.11.0\cucumber-gherkin-6.11.0.jar;C:\Users\esneyderfromero\.m2\repository\io\cucumber\cucumber-gherkin-messages\6.11.0\cucumber-gherkin-messages-6.11.0.jar;C:\Users\esneyderfromero\.m2\repository\io\cucumber\messages\15.0.0\messages-15.0.0.jar;C:\Users\esneyderfromero\.m2\repository\io\cucumber\tag-expressions\3.0.1\tag-expressions-3.0.1.jar;C:\Users\esneyderfromero\.m2\repository\io\cucumber\cucumber-expressions\10.3.0\cucumber-expressions-10.3.0.jar;C:\Users\esneyderfromero\.m2\repository\io\cucumber\cucumber-plugin\6.11.0\cucumber-plugin-6.11.0.jar;C:\Users\esneyderfromero\.m2\repository\io\cucumber\docstring\6.11.0\docstring-6.11.0.jar;C:\Users\esneyderfromero\.m2\repository\io\cucumber\html-formatter\13.0.0\html-formatter-13.0.0.jar;C:\Users\esneyderfromero\.m2\repository\io\cucumber\create-meta\4.0.0\create-meta-4.0.0.jar;C:\Users\esneyderfromero\.m2\repository\org\apiguardian\apiguardian-api\1.1.2\apiguardian-api-1.1.2.jar;C:\Users\esneyderfromero\.m2\repository\org\slf4j\slf4j-simple\1.7.7\slf4j-simple-1.7.7.jar;C:\Users\esneyderfromero\.m2\repository\org\slf4j\slf4j-api\1.7.7\slf4j-api-1.7.7.jar;C:\Users\esneyderfromero\.m2\repository\org\junit\platform\junit-platform-launcher\1.5.2\junit-platform-launcher-1.5.2.jar;C:\Users\esneyderfromero\.m2\repository\org\junit\platform\junit-platform-engine\1.5.2\junit-platform-engine-1.5.2.jar;C:\Users\esneyderfromero\.m2\repository\org\opentest4j\opentest4j\1.2.0\opentest4j-1.2.0.jar;C:\Users\esneyderfromero\.m2\repository\org\junit\platform\junit-platform-commons\1.5.2\junit-platform-commons-1.5.2.jar;C:\Users\esneyderfromero\.m2\repository\org\junit\jupiter\junit-jupiter-engine\5.5.2\junit-jupiter-engine-5.5.2.jar;C:\Users\esneyderfromero\.m2\repository\org\junit\jupiter\junit-jupiter-api\5.5.2\junit-jupiter-api-5.5.2.jar;C:\Users\esneyderfromero\.m2\repository\org\junit\vintage\junit-vintage-engine\5.5.2\junit-vintage-engine-5.5.2.jar;C:\Users\esneyderfromero\.m2\repository\org\assertj\assertj-core\3.13.2\assertj-core-3.13.2.jar;C:\Users\esneyderfromero\.m2\repository\org\apache\poi\poi-ooxml\5.2.1\poi-ooxml-5.2.1.jar;C:\Users\esneyderfromero\.m2\repository\org\apache\poi\poi\5.2.1\poi-5.2.1.jar;C:\Users\esneyderfromero\.m2\repository\org\apache\commons\commons-math3\3.6.1\commons-math3-3.6.1.jar;C:\Users\esneyderfromero\.m2\repository\com\zaxxer\SparseBitSet\1.2\SparseBitSet-1.2.jar;C:\Users\esneyderfromero\.m2\repository\org\apache\poi\poi-ooxml-lite\5.2.1\poi-ooxml-lite-5.2.1.jar;C:\Users\esneyderfromero\.m2\repository\org\apache\xmlbeans\xmlbeans\5.0.3\xmlbeans-5.0.3.jar;C:\Users\esneyderfromero\.m2\repository\xml-apis\xml-apis\1.4.01\xml-apis-1.4.01.jar;C:\Users\esneyderfromero\.m2\repository\org\apache\commons\commons-compress\1.21\commons-compress-1.21.jar;C:\Users\esneyderfromero\.m2\repository\com\github\virtuald\curvesapi\1.07\curvesapi-1.07.jar;C:\Users\esneyderfromero\.m2\repository\org\apache\logging\log4j\log4j-api\2.17.1\log4j-api-2.17.1.jar;"/>
    <property name="java.vm.vendor" value="Oracle Corporation"/>
    <property name="sun.arch.data.model" value="64"/>
    <property name="user.variant" value=""/>
    <property name="java.vendor.url" value="http://java.oracle.com/"/>
    <property name="user.timezone" value="America/Bogota"/>
    <property name="java.vm.specification.version" value="1.8"/>
    <property name="os.name" value="Windows 10"/>
    <property name="user.country" value="CO"/>
    <property name="sun.java.launcher" value="SUN_STANDARD"/>
    <property name="sun.boot.library.path" value="C:\Program Files\Java\jdk1.8.0_333\jre\bin"/>
    <property name="sun.java.command" value="C:\Users\esneyderfromero\AppData\Local\Temp\surefire4424545797827975452\surefirebooter9058306339455098777.jar C:\Users\esneyderfromero\AppData\Local\Temp\surefire4424545797827975452 2022-11-24T00-58-12_313-jvmRun1 surefire2887206072726509250tmp surefire_02428096263005245808tmp"/>
    <property name="surefire.test.class.path" value="C:\Users\esneyderfromero\Desktop\Proyectos de automatizacion\Admin Recogidas\target\test-classes;C:\Users\esneyderfromero\Desktop\Proyectos de automatizacion\Admin Recogidas\target\AdminRecogidas-0.0.1-SNAPSHOT.jar;C:\Users\esneyderfromero\.m2\repository\com\opencsv\opencsv\5.5.2\opencsv-5.5.2.jar;C:\Users\esneyderfromero\.m2\repository\org\apache\commons\commons-lang3\3.12.0\commons-lang3-3.12.0.jar;C:\Users\esneyderfromero\.m2\repository\org\apache\commons\commons-text\1.9\commons-text-1.9.jar;C:\Users\esneyderfromero\.m2\repository\commons-beanutils\commons-beanutils\1.9.4\commons-beanutils-1.9.4.jar;C:\Users\esneyderfromero\.m2\repository\org\apache\commons\commons-collections4\4.4\commons-collections4-4.4.jar;C:\Users\esneyderfromero\.m2\repository\org\seleniumhq\selenium\selenium-java\3.141.59\selenium-java-3.141.59.jar;C:\Users\esneyderfromero\.m2\repository\org\seleniumhq\selenium\selenium-api\3.141.59\selenium-api-3.141.59.jar;C:\Users\esneyderfromero\.m2\repository\org\seleniumhq\selenium\selenium-chrome-driver\3.141.59\selenium-chrome-driver-3.141.59.jar;C:\Users\esneyderfromero\.m2\repository\org\seleniumhq\selenium\selenium-edge-driver\3.141.59\selenium-edge-driver-3.141.59.jar;C:\Users\esneyderfromero\.m2\repository\org\seleniumhq\selenium\selenium-firefox-driver\3.141.59\selenium-firefox-driver-3.141.59.jar;C:\Users\esneyderfromero\.m2\repository\org\seleniumhq\selenium\selenium-ie-driver\3.141.59\selenium-ie-driver-3.141.59.jar;C:\Users\esneyderfromero\.m2\repository\org\seleniumhq\selenium\selenium-opera-driver\3.141.59\selenium-opera-driver-3.141.59.jar;C:\Users\esneyderfromero\.m2\repository\org\seleniumhq\selenium\selenium-remote-driver\3.141.59\selenium-remote-driver-3.141.59.jar;C:\Users\esneyderfromero\.m2\repository\org\seleniumhq\selenium\selenium-safari-driver\3.141.59\selenium-safari-driver-3.141.59.jar;C:\Users\esneyderfromero\.m2\repository\org\seleniumhq\selenium\selenium-support\3.141.59\selenium-support-3.141.59.jar;C:\Users\esneyderfromero\.m2\repository\net\bytebuddy\byte-buddy\1.8.15\byte-buddy-1.8.15.jar;C:\Users\esneyderfromero\.m2\repository\org\apache\commons\commons-exec\1.3\commons-exec-1.3.jar;C:\Users\esneyderfromero\.m2\repository\com\google\guava\guava\25.0-jre\guava-25.0-jre.jar;C:\Users\esneyderfromero\.m2\repository\com\google\code\findbugs\jsr305\1.3.9\jsr305-1.3.9.jar;C:\Users\esneyderfromero\.m2\repository\org\checkerframework\checker-compat-qual\2.0.0\checker-compat-qual-2.0.0.jar;C:\Users\esneyderfromero\.m2\repository\com\google\errorprone\error_prone_annotations\2.1.3\error_prone_annotations-2.1.3.jar;C:\Users\esneyderfromero\.m2\repository\com\google\j2objc\j2objc-annotations\1.1\j2objc-annotations-1.1.jar;C:\Users\esneyderfromero\.m2\repository\org\codehaus\mojo\animal-sniffer-annotations\1.14\animal-sniffer-annotations-1.14.jar;C:\Users\esneyderfromero\.m2\repository\com\squareup\okhttp3\okhttp\3.11.0\okhttp-3.11.0.jar;C:\Users\esneyderfromero\.m2\repository\com\squareup\okio\okio\1.14.0\okio-1.14.0.jar;C:\Users\esneyderfromero\.m2\repository\net\serenity-bdd\serenity-core\2.5.10\serenity-core-2.5.10.jar;C:\Users\esneyderfromero\.m2\repository\net\serenity-bdd\serenity-model\2.5.10\serenity-model-2.5.10.jar;C:\Users\esneyderfromero\.m2\repository\commons-net\commons-net\3.6\commons-net-3.6.jar;C:\Users\esneyderfromero\.m2\repository\com\google\inject\guice\5.0.1\guice-5.0.1.jar;C:\Users\esneyderfromero\.m2\repository\javax\inject\javax.inject\1\javax.inject-1.jar;C:\Users\esneyderfromero\.m2\repository\aopalliance\aopalliance\1.0\aopalliance-1.0.jar;C:\Users\esneyderfromero\.m2\repository\org\jsoup\jsoup\1.13.1\jsoup-1.13.1.jar;C:\Users\esneyderfromero\.m2\repository\com\thoughtworks\xstream\xstream\1.4.17\xstream-1.4.17.jar;C:\Users\esneyderfromero\.m2\repository\io\github\x-stream\mxparser\1.2.1\mxparser-1.2.1.jar;C:\Users\esneyderfromero\.m2\repository\xmlpull\xmlpull\1.1.3.1\xmlpull-1.1.3.1.jar;C:\Users\esneyderfromero\.m2\repository\com\typesafe\config\1.3.1\config-1.3.1.jar;C:\Users\esneyderfromero\.m2\repository\org\imgscalr\imgscalr-lib\4.2\imgscalr-lib-4.2.jar;C:\Users\esneyderfromero\.m2\repository\org\awaitility\awaitility\4.0.3\awaitility-4.0.3.jar;C:\Users\esneyderfromero\.m2\repository\org\freemarker\freemarker\2.3.29\freemarker-2.3.29.jar;C:\Users\esneyderfromero\.m2\repository\net\sourceforge\jexcelapi\jxl\2.6.12\jxl-2.6.12.jar;C:\Users\esneyderfromero\.m2\repository\org\asciidoctor\asciidoctorj\2.5.1\asciidoctorj-2.5.1.jar;C:\Users\esneyderfromero\.m2\repository\org\asciidoctor\asciidoctorj-api\2.5.1\asciidoctorj-api-2.5.1.jar;C:\Users\esneyderfromero\.m2\repository\org\jruby\jruby\9.2.17.0\jruby-9.2.17.0.jar;C:\Users\esneyderfromero\.m2\repository\org\jruby\jruby-core\9.2.17.0\jruby-core-9.2.17.0.jar;C:\Users\esneyderfromero\.m2\repository\com\github\jnr\jnr-netdb\1.2.0\jnr-netdb-1.2.0.jar;C:\Users\esneyderfromero\.m2\repository\com\github\jnr\jnr-enxio\0.32.3\jnr-enxio-0.32.3.jar;C:\Users\esneyderfromero\.m2\repository\com\github\jnr\jnr-unixsocket\0.38.5\jnr-unixsocket-0.38.5.jar;C:\Users\esneyderfromero\.m2\repository\com\github\jnr\jnr-posix\3.1.4\jnr-posix-3.1.4.jar;C:\Users\esneyderfromero\.m2\repository\com\github\jnr\jnr-constants\0.10.1\jnr-constants-0.10.1.jar;C:\Users\esneyderfromero\.m2\repository\com\github\jnr\jffi\1.3.1\jffi-1.3.1.jar;C:\Users\esneyderfromero\.m2\repository\com\github\jnr\jffi\1.3.1\jffi-1.3.1-native.jar;C:\Users\esneyderfromero\.m2\repository\org\jruby\joni\joni\2.1.31\joni-2.1.31.jar;C:\Users\esneyderfromero\.m2\repository\org\jruby\jcodings\jcodings\1.0.46\jcodings-1.0.46.jar;C:\Users\esneyderfromero\.m2\repository\org\jruby\dirgra\0.3\dirgra-0.3.jar;C:\Users\esneyderfromero\.m2\repository\com\headius\invokebinder\1.11\invokebinder-1.11.jar;C:\Users\esneyderfromero\.m2\repository\com\headius\options\1.4\options-1.4.jar;C:\Users\esneyderfromero\.m2\repository\com\jcraft\jzlib\1.1.3\jzlib-1.1.3.jar;C:\Users\esneyderfromero\.m2\repository\com\martiansoftware\nailgun-server\0.9.1\nailgun-server-0.9.1.jar;C:\Users\esneyderfromero\.m2\repository\com\headius\backport9\1.8\backport9-1.8.jar;C:\Users\esneyderfromero\.m2\repository\javax\annotation\javax.annotation-api\1.3.1\javax.annotation-api-1.3.1.jar;C:\Users\esneyderfromero\.m2\repository\org\jruby\jruby-stdlib\9.2.17.0\jruby-stdlib-9.2.17.0.jar;C:\Users\esneyderfromero\.m2\repository\net\bytebuddy\byte-buddy-agent\1.11.1\byte-buddy-agent-1.11.1.jar;C:\Users\esneyderfromero\.m2\repository\org\objenesis\objenesis\3.1\objenesis-3.1.jar;C:\Users\esneyderfromero\.m2\repository\net\serenity-bdd\serenity-reports\2.5.10\serenity-reports-2.5.10.jar;C:\Users\esneyderfromero\.m2\repository\com\vladsch\flexmark\flexmark-all\0.34.30\flexmark-all-0.34.30.jar;C:\Users\esneyderfromero\.m2\repository\com\vladsch\flexmark\flexmark\0.34.30\flexmark-0.34.30.jar;C:\Users\esneyderfromero\.m2\repository\com\vladsch\flexmark\flexmark-ext-abbreviation\0.34.30\flexmark-ext-abbreviation-0.34.30.jar;C:\Users\esneyderfromero\.m2\repository\com\vladsch\flexmark\flexmark-ext-admonition\0.34.30\flexmark-ext-admonition-0.34.30.jar;C:\Users\esneyderfromero\.m2\repository\com\vladsch\flexmark\flexmark-ext-anchorlink\0.34.30\flexmark-ext-anchorlink-0.34.30.jar;C:\Users\esneyderfromero\.m2\repository\com\vladsch\flexmark\flexmark-ext-aside\0.34.30\flexmark-ext-aside-0.34.30.jar;C:\Users\esneyderfromero\.m2\repository\com\vladsch\flexmark\flexmark-ext-attributes\0.34.30\flexmark-ext-attributes-0.34.30.jar;C:\Users\esneyderfromero\.m2\repository\com\vladsch\flexmark\flexmark-ext-autolink\0.34.30\flexmark-ext-autolink-0.34.30.jar;C:\Users\esneyderfromero\.m2\repository\org\nibor\autolink\autolink\0.6.0\autolink-0.6.0.jar;C:\Users\esneyderfromero\.m2\repository\com\vladsch\flexmark\flexmark-ext-definition\0.34.30\flexmark-ext-definition-0.34.30.jar;C:\Users\esneyderfromero\.m2\repository\com\vladsch\flexmark\flexmark-ext-emoji\0.34.30\flexmark-ext-emoji-0.34.30.jar;C:\Users\esneyderfromero\.m2\repository\com\vladsch\flexmark\flexmark-ext-enumerated-reference\0.34.30\flexmark-ext-enumerated-reference-0.34.30.jar;C:\Users\esneyderfromero\.m2\repository\com\vladsch\flexmark\flexmark-ext-escaped-character\0.34.30\flexmark-ext-escaped-character-0.34.30.jar;C:\Users\esneyderfromero\.m2\repository\com\vladsch\flexmark\flexmark-ext-footnotes\0.34.30\flexmark-ext-footnotes-0.34.30.jar;C:\Users\esneyderfromero\.m2\repository\com\vladsch\flexmark\flexmark-ext-gfm-issues\0.34.30\flexmark-ext-gfm-issues-0.34.30.jar;C:\Users\esneyderfromero\.m2\repository\com\vladsch\flexmark\flexmark-ext-gfm-strikethrough\0.34.30\flexmark-ext-gfm-strikethrough-0.34.30.jar;C:\Users\esneyderfromero\.m2\repository\com\vladsch\flexmark\flexmark-ext-gfm-tables\0.34.30\flexmark-ext-gfm-tables-0.34.30.jar;C:\Users\esneyderfromero\.m2\repository\com\vladsch\flexmark\flexmark-ext-gfm-tasklist\0.34.30\flexmark-ext-gfm-tasklist-0.34.30.jar;C:\Users\esneyderfromero\.m2\repository\com\vladsch\flexmark\flexmark-ext-gfm-users\0.34.30\flexmark-ext-gfm-users-0.34.30.jar;C:\Users\esneyderfromero\.m2\repository\com\vladsch\flexmark\flexmark-ext-gitlab\0.34.30\flexmark-ext-gitlab-0.34.30.jar;C:\Users\esneyderfromero\.m2\repository\com\vladsch\flexmark\flexmark-ext-jekyll-front-matter\0.34.30\flexmark-ext-jekyll-front-matter-0.34.30.jar;C:\Users\esneyderfromero\.m2\repository\com\vladsch\flexmark\flexmark-ext-jekyll-tag\0.34.30\flexmark-ext-jekyll-tag-0.34.30.jar;C:\Users\esneyderfromero\.m2\repository\com\vladsch\flexmark\flexmark-ext-media-tags\0.34.30\flexmark-ext-media-tags-0.34.30.jar;C:\Users\esneyderfromero\.m2\repository\com\vladsch\flexmark\flexmark-test-util\0.34.30\flexmark-test-util-0.34.30.jar;C:\Users\esneyderfromero\.m2\repository\com\vladsch\flexmark\flexmark-ext-ins\0.34.30\flexmark-ext-ins-0.34.30.jar;C:\Users\esneyderfromero\.m2\repository\com\vladsch\flexmark\flexmark-ext-xwiki-macros\0.34.30\flexmark-ext-xwiki-macros-0.34.30.jar;C:\Users\esneyderfromero\.m2\repository\com\vladsch\flexmark\flexmark-ext-superscript\0.34.30\flexmark-ext-superscript-0.34.30.jar;C:\Users\esneyderfromero\.m2\repository\com\vladsch\flexmark\flexmark-ext-tables\0.34.30\flexmark-ext-tables-0.34.30.jar;C:\Users\esneyderfromero\.m2\repository\com\vladsch\flexmark\flexmark-ext-toc\0.34.30\flexmark-ext-toc-0.34.30.jar;C:\Users\esneyderfromero\.m2\repository\com\vladsch\flexmark\flexmark-ext-typographic\0.34.30\flexmark-ext-typographic-0.34.30.jar;C:\Users\esneyderfromero\.m2\repository\com\vladsch\flexmark\flexmark-ext-wikilink\0.34.30\flexmark-ext-wikilink-0.34.30.jar;C:\Users\esneyderfromero\.m2\repository\com\vladsch\flexmark\flexmark-ext-yaml-front-matter\0.34.30\flexmark-ext-yaml-front-matter-0.34.30.jar;C:\Users\esneyderfromero\.m2\repository\com\vladsch\flexmark\flexmark-ext-youtube-embedded\0.34.30\flexmark-ext-youtube-embedded-0.34.30.jar;C:\Users\esneyderfromero\.m2\repository\com\vladsch\flexmark\flexmark-formatter\0.34.30\flexmark-formatter-0.34.30.jar;C:\Users\esneyderfromero\.m2\repository\com\vladsch\flexmark\flexmark-html-parser\0.34.30\flexmark-html-parser-0.34.30.jar;C:\Users\esneyderfromero\.m2\repository\com\vladsch\flexmark\flexmark-jira-converter\0.34.30\flexmark-jira-converter-0.34.30.jar;C:\Users\esneyderfromero\.m2\repository\com\vladsch\flexmark\flexmark-pdf-converter\0.34.30\flexmark-pdf-converter-0.34.30.jar;C:\Users\esneyderfromero\.m2\repository\com\openhtmltopdf\openhtmltopdf-core\0.0.1-RC13\openhtmltopdf-core-0.0.1-RC13.jar;C:\Users\esneyderfromero\.m2\repository\com\openhtmltopdf\openhtmltopdf-pdfbox\0.0.1-RC13\openhtmltopdf-pdfbox-0.0.1-RC13.jar;C:\Users\esneyderfromero\.m2\repository\org\apache\pdfbox\pdfbox\2.0.8\pdfbox-2.0.8.jar;C:\Users\esneyderfromero\.m2\repository\org\apache\pdfbox\fontbox\2.0.8\fontbox-2.0.8.jar;C:\Users\esneyderfromero\.m2\repository\org\apache\pdfbox\xmpbox\2.0.8\xmpbox-2.0.8.jar;C:\Users\esneyderfromero\.m2\repository\de\rototor\pdfbox\graphics2d\0.12\graphics2d-0.12.jar;C:\Users\esneyderfromero\.m2\repository\com\openhtmltopdf\openhtmltopdf-rtl-support\0.0.1-RC13\openhtmltopdf-rtl-support-0.0.1-RC13.jar;C:\Users\esneyderfromero\.m2\repository\com\ibm\icu\icu4j\59.1\icu4j-59.1.jar;C:\Users\esneyderfromero\.m2\repository\com\openhtmltopdf\openhtmltopdf-jsoup-dom-converter\0.0.1-RC13\openhtmltopdf-jsoup-dom-converter-0.0.1-RC13.jar;C:\Users\esneyderfromero\.m2\repository\com\vladsch\flexmark\flexmark-profile-pegdown\0.34.30\flexmark-profile-pegdown-0.34.30.jar;C:\Users\esneyderfromero\.m2\repository\com\vladsch\flexmark\flexmark-util\0.34.30\flexmark-util-0.34.30.jar;C:\Users\esneyderfromero\.m2\repository\com\vladsch\flexmark\flexmark-youtrack-converter\0.34.30\flexmark-youtrack-converter-0.34.30.jar;C:\Users\esneyderfromero\.m2\repository\es\nitaur\markdown\txtmark\0.16\txtmark-0.16.jar;C:\Users\esneyderfromero\.m2\repository\net\serenity-bdd\serenity-report-resources\2.5.10\serenity-report-resources-2.5.10.jar;C:\Users\esneyderfromero\.m2\repository\com\google\code\gson\gson\2.8.7\gson-2.8.7.jar;C:\Users\esneyderfromero\.m2\repository\com\fasterxml\jackson\core\jackson-core\2.12.4\jackson-core-2.12.4.jar;C:\Users\esneyderfromero\.m2\repository\com\fasterxml\jackson\core\jackson-databind\2.12.4\jackson-databind-2.12.4.jar;C:\Users\esneyderfromero\.m2\repository\com\fasterxml\jackson\core\jackson-annotations\2.12.4\jackson-annotations-2.12.4.jar;C:\Users\esneyderfromero\.m2\repository\commons-codec\commons-codec\1.15\commons-codec-1.15.jar;C:\Users\esneyderfromero\.m2\repository\commons-io\commons-io\2.8.0\commons-io-2.8.0.jar;C:\Users\esneyderfromero\.m2\repository\org\seleniumhq\selenium\selenium-server\3.141.59\selenium-server-3.141.59.jar;C:\Users\esneyderfromero\.m2\repository\com\beust\jcommander\1.72\jcommander-1.72.jar;C:\Users\esneyderfromero\.m2\repository\net\jcip\jcip-annotations\1.0\jcip-annotations-1.0.jar;C:\Users\esneyderfromero\.m2\repository\org\seleniumhq\selenium\jetty-repacked\9.4.12.v20180830\jetty-repacked-9.4.12.v20180830.jar;C:\Users\esneyderfromero\.m2\repository\javax\servlet\javax.servlet-api\3.1.0\javax.servlet-api-3.1.0.jar;C:\Users\esneyderfromero\.m2\repository\org\yaml\snakeyaml\1.19\snakeyaml-1.19.jar;C:\Users\esneyderfromero\.m2\repository\net\sourceforge\htmlunit\htmlunit\2.47.1\htmlunit-2.47.1.jar;C:\Users\esneyderfromero\.m2\repository\xalan\xalan\2.7.2\xalan-2.7.2.jar;C:\Users\esneyderfromero\.m2\repository\xalan\serializer\2.7.2\serializer-2.7.2.jar;C:\Users\esneyderfromero\.m2\repository\org\apache\httpcomponents\httpmime\4.5.13\httpmime-4.5.13.jar;C:\Users\esneyderfromero\.m2\repository\org\apache\httpcomponents\httpclient\4.5.13\httpclient-4.5.13.jar;C:\Users\esneyderfromero\.m2\repository\org\apache\httpcomponents\httpcore\4.4.13\httpcore-4.4.13.jar;C:\Users\esneyderfromero\.m2\repository\net\sourceforge\htmlunit\htmlunit-core-js\2.47.0\htmlunit-core-js-2.47.0.jar;C:\Users\esneyderfromero\.m2\repository\net\sourceforge\htmlunit\neko-htmlunit\2.47.1\neko-htmlunit-2.47.1.jar;C:\Users\esneyderfromero\.m2\repository\xerces\xercesImpl\2.12.0\xercesImpl-2.12.0.jar;C:\Users\esneyderfromero\.m2\repository\net\sourceforge\htmlunit\htmlunit-cssparser\1.7.0\htmlunit-cssparser-1.7.0.jar;C:\Users\esneyderfromero\.m2\repository\org\brotli\dec\0.1.2\dec-0.1.2.jar;C:\Users\esneyderfromero\.m2\repository\com\shapesecurity\salvation2\3.0.0\salvation2-3.0.0.jar;C:\Users\esneyderfromero\.m2\repository\org\eclipse\jetty\websocket\websocket-client\9.4.36.v20210114\websocket-client-9.4.36.v20210114.jar;C:\Users\esneyderfromero\.m2\repository\org\eclipse\jetty\jetty-client\9.4.36.v20210114\jetty-client-9.4.36.v20210114.jar;C:\Users\esneyderfromero\.m2\repository\org\eclipse\jetty\jetty-http\9.4.36.v20210114\jetty-http-9.4.36.v20210114.jar;C:\Users\esneyderfromero\.m2\repository\org\eclipse\jetty\jetty-util\9.4.36.v20210114\jetty-util-9.4.36.v20210114.jar;C:\Users\esneyderfromero\.m2\repository\org\eclipse\jetty\jetty-io\9.4.36.v20210114\jetty-io-9.4.36.v20210114.jar;C:\Users\esneyderfromero\.m2\repository\org\eclipse\jetty\websocket\websocket-common\9.4.36.v20210114\websocket-common-9.4.36.v20210114.jar;C:\Users\esneyderfromero\.m2\repository\org\eclipse\jetty\websocket\websocket-api\9.4.36.v20210114\websocket-api-9.4.36.v20210114.jar;C:\Users\esneyderfromero\.m2\repository\org\projectlombok\lombok\1.18.20\lombok-1.18.20.jar;C:\Users\esneyderfromero\.m2\repository\org\seleniumhq\selenium\htmlunit-driver\2.47.1\htmlunit-driver-2.47.1.jar;C:\Users\esneyderfromero\.m2\repository\com\codeborne\phantomjsdriver\1.4.4\phantomjsdriver-1.4.4.jar;C:\Users\esneyderfromero\.m2\repository\io\appium\java-client\7.5.1\java-client-7.5.1.jar;C:\Users\esneyderfromero\.m2\repository\commons-validator\commons-validator\1.7\commons-validator-1.7.jar;C:\Users\esneyderfromero\.m2\repository\commons-digester\commons-digester\2.1\commons-digester-2.1.jar;C:\Users\esneyderfromero\.m2\repository\org\aspectj\aspectjweaver\1.9.6\aspectjweaver-1.9.6.jar;C:\Users\esneyderfromero\.m2\repository\org\codehaus\groovy\groovy\3.0.8\groovy-3.0.8.jar;C:\Users\esneyderfromero\.m2\repository\net\sf\opencsv\opencsv\2.0\opencsv-2.0.jar;C:\Users\esneyderfromero\.m2\repository\commons-collections\commons-collections\3.2.2\commons-collections-3.2.2.jar;C:\Users\esneyderfromero\.m2\repository\org\fluentlenium\fluentlenium-core\0.10.2\fluentlenium-core-0.10.2.jar;C:\Users\esneyderfromero\.m2\repository\io\github\bonigarcia\webdrivermanager\4.4.1\webdrivermanager-4.4.1.jar;C:\Users\esneyderfromero\.m2\repository\org\apache\httpcomponents\client5\httpclient5\5.0.3\httpclient5-5.0.3.jar;C:\Users\esneyderfromero\.m2\repository\org\apache\httpcomponents\core5\httpcore5\5.0.2\httpcore5-5.0.2.jar;C:\Users\esneyderfromero\.m2\repository\org\apache\httpcomponents\core5\httpcore5-h2\5.0.2\httpcore5-h2-5.0.2.jar;C:\Users\esneyderfromero\.m2\repository\org\rauschig\jarchivelib\1.1.0\jarchivelib-1.1.0.jar;C:\Users\esneyderfromero\.m2\repository\com\jhlabs\filters\2.0.235\filters-2.0.235.jar;C:\Users\esneyderfromero\.m2\repository\com\paulhammant\ngwebdriver\1.1.5\ngwebdriver-1.1.5.jar;C:\Users\esneyderfromero\.m2\repository\joda-time\joda-time\2.8.2\joda-time-2.8.2.jar;C:\Users\esneyderfromero\.m2\repository\org\hamcrest\hamcrest\2.2\hamcrest-2.2.jar;C:\Users\esneyderfromero\.m2\repository\com\google\jimfs\jimfs\1.1\jimfs-1.1.jar;C:\Users\esneyderfromero\.m2\repository\org\mockito\mockito-core\3.3.3\mockito-core-3.3.3.jar;C:\Users\esneyderfromero\.m2\repository\javax\xml\bind\jaxb-api\2.3.1\jaxb-api-2.3.1.jar;C:\Users\esneyderfromero\.m2\repository\javax\activation\javax.activation-api\1.2.0\javax.activation-api-1.2.0.jar;C:\Users\esneyderfromero\.m2\repository\com\sun\xml\bind\jaxb-core\2.3.0.1\jaxb-core-2.3.0.1.jar;C:\Users\esneyderfromero\.m2\repository\com\sun\xml\bind\jaxb-impl\2.3.3\jaxb-impl-2.3.3.jar;C:\Users\esneyderfromero\.m2\repository\jakarta\xml\bind\jakarta.xml.bind-api\2.3.3\jakarta.xml.bind-api-2.3.3.jar;C:\Users\esneyderfromero\.m2\repository\com\sun\activation\jakarta.activation\1.2.2\jakarta.activation-1.2.2.jar;C:\Users\esneyderfromero\.m2\repository\javax\activation\activation\1.1.1\activation-1.1.1.jar;C:\Users\esneyderfromero\.m2\repository\net\serenity-bdd\serenity-single-page-report\2.5.10\serenity-single-page-report-2.5.10.jar;C:\Users\esneyderfromero\.m2\repository\net\serenity-bdd\serenity-stats\2.5.10\serenity-stats-2.5.10.jar;C:\Users\esneyderfromero\.m2\repository\net\serenity-bdd\serenity-reports-configuration\2.5.10\serenity-reports-configuration-2.5.10.jar;C:\Users\esneyderfromero\.m2\repository\org\jetbrains\kotlin\kotlin-stdlib\1.5.0\kotlin-stdlib-1.5.0.jar;C:\Users\esneyderfromero\.m2\repository\org\jetbrains\annotations\13.0\annotations-13.0.jar;C:\Users\esneyderfromero\.m2\repository\org\jetbrains\kotlin\kotlin-stdlib-common\1.5.0\kotlin-stdlib-common-1.5.0.jar;C:\Users\esneyderfromero\.m2\repository\org\thymeleaf\thymeleaf\3.0.11.RELEASE\thymeleaf-3.0.11.RELEASE.jar;C:\Users\esneyderfromero\.m2\repository\ognl\ognl\3.1.12\ognl-3.1.12.jar;C:\Users\esneyderfromero\.m2\repository\org\attoparser\attoparser\2.0.5.RELEASE\attoparser-2.0.5.RELEASE.jar;C:\Users\esneyderfromero\.m2\repository\org\unbescape\unbescape\1.1.6.RELEASE\unbescape-1.1.6.RELEASE.jar;C:\Users\esneyderfromero\.m2\repository\org\javassist\javassist\3.21.0-GA\javassist-3.21.0-GA.jar;C:\Users\esneyderfromero\.m2\repository\org\knowm\xchart\xchart\3.5.2\xchart-3.5.2.jar;C:\Users\esneyderfromero\.m2\repository\de\erichseifert\vectorgraphics2d\VectorGraphics2D\0.13\VectorGraphics2D-0.13.jar;C:\Users\esneyderfromero\.m2\repository\org\thymeleaf\extras\thymeleaf-extras-java8time\3.0.4.RELEASE\thymeleaf-extras-java8time-3.0.4.RELEASE.jar;C:\Users\esneyderfromero\.m2\repository\net\serenity-bdd\serenity-junit\2.5.10\serenity-junit-2.5.10.jar;C:\Users\esneyderfromero\.m2\repository\net\serenity-bdd\serenity-ensure\2.5.10\serenity-ensure-2.5.10.jar;C:\Users\esneyderfromero\.m2\repository\net\serenity-bdd\serenity-screenplay\2.5.10\serenity-screenplay-2.5.10.jar;C:\Users\esneyderfromero\.m2\repository\net\serenity-bdd\serenity-screenplay-webdriver\2.5.10\serenity-screenplay-webdriver-2.5.10.jar;C:\Users\esneyderfromero\.m2\repository\net\serenity-bdd\serenity-assertions\2.5.10\serenity-assertions-2.5.10.jar;C:\Users\esneyderfromero\.m2\repository\net\serenity-bdd\serenity-cucumber6\2.3.2\serenity-cucumber6-2.3.2.jar;C:\Users\esneyderfromero\.m2\repository\io\cucumber\cucumber-junit\6.6.0\cucumber-junit-6.6.0.jar;C:\Users\esneyderfromero\.m2\repository\io\cucumber\datatable-matchers\3.4.0\datatable-matchers-3.4.0.jar;C:\Users\esneyderfromero\.m2\repository\io\cucumber\datatable\3.4.0\datatable-3.4.0.jar;C:\Users\esneyderfromero\.m2\repository\commons-logging\commons-logging\1.2\commons-logging-1.2.jar;C:\Users\esneyderfromero\.m2\repository\org\apache\commons\commons-csv\1.5\commons-csv-1.5.jar;C:\Users\esneyderfromero\.m2\repository\junit\junit\4.12\junit-4.12.jar;C:\Users\esneyderfromero\.m2\repository\org\hamcrest\hamcrest-core\1.3\hamcrest-core-1.3.jar;C:\Users\esneyderfromero\.m2\repository\io\cucumber\cucumber-java\6.11.0\cucumber-java-6.11.0.jar;C:\Users\esneyderfromero\.m2\repository\io\cucumber\cucumber-core\6.11.0\cucumber-core-6.11.0.jar;C:\Users\esneyderfromero\.m2\repository\io\cucumber\cucumber-gherkin\6.11.0\cucumber-gherkin-6.11.0.jar;C:\Users\esneyderfromero\.m2\repository\io\cucumber\cucumber-gherkin-messages\6.11.0\cucumber-gherkin-messages-6.11.0.jar;C:\Users\esneyderfromero\.m2\repository\io\cucumber\messages\15.0.0\messages-15.0.0.jar;C:\Users\esneyderfromero\.m2\repository\io\cucumber\tag-expressions\3.0.1\tag-expressions-3.0.1.jar;C:\Users\esneyderfromero\.m2\repository\io\cucumber\cucumber-expressions\10.3.0\cucumber-expressions-10.3.0.jar;C:\Users\esneyderfromero\.m2\repository\io\cucumber\cucumber-plugin\6.11.0\cucumber-plugin-6.11.0.jar;C:\Users\esneyderfromero\.m2\repository\io\cucumber\docstring\6.11.0\docstring-6.11.0.jar;C:\Users\esneyderfromero\.m2\repository\io\cucumber\html-formatter\13.0.0\html-formatter-13.0.0.jar;C:\Users\esneyderfromero\.m2\repository\io\cucumber\create-meta\4.0.0\create-meta-4.0.0.jar;C:\Users\esneyderfromero\.m2\repository\org\apiguardian\apiguardian-api\1.1.2\apiguardian-api-1.1.2.jar;C:\Users\esneyderfromero\.m2\repository\org\slf4j\slf4j-simple\1.7.7\slf4j-simple-1.7.7.jar;C:\Users\esneyderfromero\.m2\repository\org\slf4j\slf4j-api\1.7.7\slf4j-api-1.7.7.jar;C:\Users\esneyderfromero\.m2\repository\org\junit\platform\junit-platform-launcher\1.5.2\junit-platform-launcher-1.5.2.jar;C:\Users\esneyderfromero\.m2\repository\org\junit\platform\junit-platform-engine\1.5.2\junit-platform-engine-1.5.2.jar;C:\Users\esneyderfromero\.m2\repository\org\opentest4j\opentest4j\1.2.0\opentest4j-1.2.0.jar;C:\Users\esneyderfromero\.m2\repository\org\junit\platform\junit-platform-commons\1.5.2\junit-platform-commons-1.5.2.jar;C:\Users\esneyderfromero\.m2\repository\org\junit\jupiter\junit-jupiter-engine\5.5.2\junit-jupiter-engine-5.5.2.jar;C:\Users\esneyderfromero\.m2\repository\org\junit\jupiter\junit-jupiter-api\5.5.2\junit-jupiter-api-5.5.2.jar;C:\Users\esneyderfromero\.m2\repository\org\junit\vintage\junit-vintage-engine\5.5.2\junit-vintage-engine-5.5.2.jar;C:\Users\esneyderfromero\.m2\repository\org\assertj\assertj-core\3.13.2\assertj-core-3.13.2.jar;C:\Users\esneyderfromero\.m2\repository\org\apache\poi\poi-ooxml\5.2.1\poi-ooxml-5.2.1.jar;C:\Users\esneyderfromero\.m2\repository\org\apache\poi\poi\5.2.1\poi-5.2.1.jar;C:\Users\esneyderfromero\.m2\repository\org\apache\commons\commons-math3\3.6.1\commons-math3-3.6.1.jar;C:\Users\esneyderfromero\.m2\repository\com\zaxxer\SparseBitSet\1.2\SparseBitSet-1.2.jar;C:\Users\esneyderfromero\.m2\repository\org\apache\poi\poi-ooxml-lite\5.2.1\poi-ooxml-lite-5.2.1.jar;C:\Users\esneyderfromero\.m2\repository\org\apache\xmlbeans\xmlbeans\5.0.3\xmlbeans-5.0.3.jar;C:\Users\esneyderfromero\.m2\repository\xml-apis\xml-apis\1.4.01\xml-apis-1.4.01.jar;C:\Users\esneyderfromero\.m2\repository\org\apache\commons\commons-compress\1.21\commons-compress-1.21.jar;C:\Users\esneyderfromero\.m2\repository\com\github\virtuald\curvesapi\1.07\curvesapi-1.07.jar;C:\Users\esneyderfromero\.m2\repository\org\apache\logging\log4j\log4j-api\2.17.1\log4j-api-2.17.1.jar;"/>
    <property name="sun.cpu.endian" value="little"/>
    <property name="user.home" value="C:\Users\esneyderfromero"/>
    <property name="user.language" value="es"/>
    <property name="java.specification.vendor" value="Oracle Corporation"/>
    <property name="java.home" value="C:\Program Files\Java\jdk1.8.0_333\jre"/>
    <property name="basedir" value="C:\Users\esneyderfromero\Desktop\Proyectos de automatizacion\Admin Recogidas"/>
    <property name="file.separator" value="\"/>
    <property name="line.separator" value="&#10;"/>
    <property name="java.vm.specification.vendor" value="Oracle Corporation"/>
    <property name="java.specification.name" value="Java Platform API Specification"/>
    <property name="java.awt.graphicsenv" value="sun.awt.Win32GraphicsEnvironment"/>
    <property name="surefire.real.class.path" value="C:\Users\esneyderfromero\AppData\Local\Temp\surefire4424545797827975452\surefirebooter9058306339455098777.jar"/>
    <property name="sun.boot.class.path" value="C:\Program Files\Java\jdk1.8.0_333\jre\lib\resources.jar;C:\Program Files\Java\jdk1.8.0_333\jre\lib\rt.jar;C:\Program Files\Java\jdk1.8.0_333\jre\lib\sunrsasign.jar;C:\Program Files\Java\jdk1.8.0_333\jre\lib\jsse.jar;C:\Program Files\Java\jdk1.8.0_333\jre\lib\jce.jar;C:\Program Files\Java\jdk1.8.0_333\jre\lib\charsets.jar;C:\Program Files\Java\jdk1.8.0_333\jre\lib\jfr.jar;C:\Program Files\Java\jdk1.8.0_333\jre\classes"/>
    <property name="user.script" value=""/>
    <property name="java.protocol.handler.pkgs" value="com.google.common"/>
    <property name="sun.management.compiler" value="HotSpot 64-Bit Tiered Compilers"/>
    <property name="java.runtime.version" value="1.8.0_333-b02"/>
    <property name="user.name" value="esneyderfromero"/>
    <property name="path.separator" value=";"/>
    <property name="os.version" value="10.0"/>
    <property name="java.endorsed.dirs" value="C:\Program Files\Java\jdk1.8.0_333\jre\lib\endorsed"/>
    <property name="java.runtime.name" value="Java(TM) SE Runtime Environment"/>
    <property name="file.encoding" value="UTF-8"/>
    <property name="webdriver.base.url" value=""/>
    <property name="java.vm.name" value="Java HotSpot(TM) 64-Bit Server VM"/>
    <property name="localRepository" value="C:\Users\esneyderfromero\.m2\repository"/>
    <property name="java.vendor.url.bug" value="http://bugreport.sun.com/bugreport/"/>
    <property name="java.io.tmpdir" value="C:\Users\ESNEYD~1\AppData\Local\Temp\"/>
    <property name="idea.version" value="2022.1.3"/>
    <property name="java.version" value="1.8.0_333"/>
    <property name="user.dir" value="C:\Users\esneyderfromero\Desktop\Proyectos de automatizacion\Admin Recogidas"/>
    <property name="os.arch" value="amd64"/>
    <property name="java.vm.specification.name" value="Java Virtual Machine Specification"/>
    <property name="java.awt.printerjob" value="sun.awt.windows.WPrinterJob"/>
    <property name="sun.os.patch.level" value=""/>
    <property name="java.library.path" value="C:\Program Files\Java\jdk1.8.0_333\jre\bin;C:\Windows\Sun\Java\bin;C:\Windows\system32;C:\Windows;C:\Program Files (x86)\Common Files\Oracle\Java\javapath;C:\Windows\system32;C:\Windows;C:\Windows\System32\Wbem;C:\Windows\System32\WindowsPowerShell\v1.0\;C:\Windows\System32\OpenSSH\;C:\Program Files\NVIDIA Corporation\NVIDIA NvDLISR;C:\Program Files\dotnet\;%JAVA_HOME%\bin;C:\Program Files\Microsoft SQL Server\Client SDK\ODBC\170\Tools\Binn\;C:\Program Files (x86)\Microsoft SQL Server\150\Tools\Binn\;C:\Program Files\Microsoft SQL Server\150\Tools\Binn\;C:\Program Files\Microsoft SQL Server\150\DTS\Binn\;C:\Program Files (x86)\Microsoft SQL Server\150\DTS\Binn\;C:\Program Files\Azure Data Studio\bin;C:\Program Files\nodejs\;C:\Users\esneyderfromero\AppData\Local\Microsoft\WindowsApps;C:\Users\esneyderfromero\AppData\Local\Programs\Microsoft VS Code\bin;C:\Users\esneyderfromero\AppData\Local\Programs\Git\cmd;C:\Users\esneyderfromero\AppData\Roaming\npm;C:\Users\esneyderfromero\AppData\Local\GitHubDesktop\bin;."/>
    <property name="java.vm.info" value="mixed mode"/>
    <property name="java.vendor" value="Oracle Corporation"/>
    <property name="java.vm.version" value="25.333-b02"/>
    <property name="java.ext.dirs" value="C:\Program Files\Java\jdk1.8.0_333\jre\lib\ext;C:\Windows\Sun\Java\lib\ext"/>
    <property name="sun.io.unicode.encoding" value="UnicodeLittle"/>
    <property name="java.class.version" value="52.0"/>
  </properties>
  <testcase name="Crear preenvio de contado" classname="Usuario crea prenvios diferentes modos de pago" time="226.461">
    <system-out><![CDATA[
@Formulario_Prenvios @PruebasAfectacion @PruebasRegresion
Scenario: Crear preenvio de contado               &amp#27;[90m# src/test/resources/features/DiferentesPreenvios.feature:5&amp#27;[0m
Ingrasando Datos Personales
  &amp#27;[32mGiven &amp#27;[0m&amp#27;[32mUsuario frecuente ingresa a tus recogidas&amp#27;[0m &amp#27;[90m# com.Inter.AdminRecogidas.definitions.AdminformularioDefinitions.IngresoRecogidas()&amp#27;[0m
Ingresando Datos Recogida
Numero de Recogida: 327188
  &amp#27;[32mWhen &amp#27;[0m&amp#27;[32mIngreso datos de preenvio de contado&amp#27;[0m       &amp#27;[90m# com.Inter.AdminRecogidas.definitions.AdminformularioDefinitions.PreenvioContado()&amp#27;[0m
Numero de preenvio: 750000020264
Se creo la Data
Cliente con Numero de Cedula: 1024567308 crea un preenvio exitosamente
  &amp#27;[32mThen &amp#27;[0m&amp#27;[32mEl preenvio se crea exitosamente&amp#27;[0m           &amp#27;[90m# com.Inter.AdminRecogidas.definitions.AdminformularioDefinitions.FormularioPreenvio()&amp#27;[0m
]]></system-out>
    <system-err><![CDATA[[main] INFO io.cucumber.core.plugin.SerenityReporter - Running feature from file:///C:/Users/esneyderfromero/Desktop/Proyectos%20de%20automatizacion/Admin%20Recogidas/src/test/resources/features/Archivos_CVS.feature
[main] WARN io.cucumber.core.plugin.SerenityReporter - Feature from file:///C:/Users/esneyderfromero/Desktop/Proyectos%20de%20automatizacion/Admin%20Recogidas/src/test/resources/features/Archivos_CVS.feature is not under the 'features' directory. Requirements report will not be correctly generated!
[main] INFO  - 

-------------------------------------------------------------------------------------
     _______. _______ .______       _______ .__   __.  __  .___________.____    ____ 
    /       ||   ____||   _  \     |   ____||  \ |  | |  | |           |\   \  /   / 
   |   (----`|  |__   |  |_)  |    |  |__   |   \|  | |  | `---|  |----` \   \/   /  
    \   \    |   __|  |      /     |   __|  |  . `  | |  |     |  |       \_    _/   
.----)   |   |  |____ |  |\  \----.|  |____ |  |\   | |  |     |  |         |  |     
|_______/    |_______|| _| `._____||_______||__| \__| |__|     |__|         |__|    
                                                                                     
 News and tutorials at http://www.serenity-bdd.info                                  
 Documentation at https://wakaleo.gitbooks.io/the-serenity-book/content/             
 Join the Serenity Community on Gitter: https://gitter.im/serenity-bdd/serenity-core 
 Serenity BDD Support and Training at http://serenity-bdd.info/#/trainingandsupport  
-------------------------------------------------------------------------------------

[main] INFO  - Test Suite Started: Crear Recogidas + Crear preenvio archivos CVS
[main] INFO io.cucumber.core.plugin.SerenityReporter - Running feature from file:///C:/Users/esneyderfromero/Desktop/Proyectos%20de%20automatizacion/Admin%20Recogidas/src/test/resources/features/CrearRecogidas+Preenvios.feature
[main] WARN io.cucumber.core.plugin.SerenityReporter - Feature from file:///C:/Users/esneyderfromero/Desktop/Proyectos%20de%20automatizacion/Admin%20Recogidas/src/test/resources/features/CrearRecogidas+Preenvios.feature is not under the 'features' directory. Requirements report will not be correctly generated!
[main] INFO  - Test Suite Started: Usuarios crea nueva recogidas y preenvios
[main] INFO io.cucumber.core.plugin.SerenityReporter - Running feature from file:///C:/Users/esneyderfromero/Desktop/Proyectos%20de%20automatizacion/Admin%20Recogidas/src/test/resources/features/DiferentesPreenvios.feature
[main] WARN io.cucumber.core.plugin.SerenityReporter - Feature from file:///C:/Users/esneyderfromero/Desktop/Proyectos%20de%20automatizacion/Admin%20Recogidas/src/test/resources/features/DiferentesPreenvios.feature is not under the 'features' directory. Requirements report will not be correctly generated!
[main] INFO  - Test Suite Started: Usuario crea prenvios diferentes modos de pago
[main] INFO io.cucumber.core.plugin.SerenityReporter - Running feature from file:///C:/Users/esneyderfromero/Desktop/Proyectos%20de%20automatizacion/Admin%20Recogidas/src/test/resources/features/EditarRecogida.feature
[main] WARN io.cucumber.core.plugin.SerenityReporter - Feature from file:///C:/Users/esneyderfromero/Desktop/Proyectos%20de%20automatizacion/Admin%20Recogidas/src/test/resources/features/EditarRecogida.feature is not under the 'features' directory. Requirements report will not be correctly generated!
[main] INFO  - Test Suite Started: Usuarios edita recogida
[main] INFO io.cucumber.core.plugin.SerenityReporter - Running feature from file:///C:/Users/esneyderfromero/Desktop/Proyectos%20de%20automatizacion/Admin%20Recogidas/src/test/resources/features/FuncionalidadesBasicas.feature
[main] WARN io.cucumber.core.plugin.SerenityReporter - Feature from file:///C:/Users/esneyderfromero/Desktop/Proyectos%20de%20automatizacion/Admin%20Recogidas/src/test/resources/features/FuncionalidadesBasicas.feature is not under the 'features' directory. Requirements report will not be correctly generated!
[main] INFO  - Test Suite Started: Usuario mapea funciones basicas
[main] INFO io.cucumber.core.plugin.SerenityReporter - Running feature from file:///C:/Users/esneyderfromero/Desktop/Proyectos%20de%20automatizacion/Admin%20Recogidas/src/test/resources/features/DiferentesPreenvios.feature
[main] WARN io.cucumber.core.plugin.SerenityReporter - Feature from file:///C:/Users/esneyderfromero/Desktop/Proyectos%20de%20automatizacion/Admin%20Recogidas/src/test/resources/features/DiferentesPreenvios.feature is not under the 'features' directory. Requirements report will not be correctly generated!
[main] INFO  - 
  _____   ___   ___   _____     ___   _____     _     ___   _____   ___   ___  
 |_   _| | __| / __| |_   _|   / __| |_   _|   /_\   | _ \ |_   _| | __| |   \ 
   | |   | _|  \__ \   | |     \__ \   | |    / _ \  |   /   | |   | _|  | |) |
   |_|   |___| |___/   |_|     |___/   |_|   /_/ \_\ |_|_\   |_|   |___| |___/ 

Crear preenvio de contado(usuario-crea-prenvios-diferentes-modos-de-pago;crear-preenvio-de-contado)
--------------------------------------------------------------------------------
[main] INFO net.serenitybdd.core.webdriver.driverproviders.ChromeDriverProvider - Using automatically driver download
[main] INFO io.github.bonigarcia.wdm.WebDriverManager - Using chromedriver 107.0.5304.62 (resolved driver for Chrome 107)
[main] INFO io.github.bonigarcia.wdm.WebDriverManager - Exporting webdriver.chrome.driver as C:\Users\esneyderfromero\.cache\selenium\chromedriver\win32\107.0.5304.62\chromedriver.exe
[main] INFO net.serenitybdd.core.webdriver.driverproviders.ProvideNewDriver - Instantiating driver
[main] INFO net.serenitybdd.core.webdriver.driverproviders.ProvideNewDriver - Driver capabilities: Capabilities {Url: https://recogidasencasadesa..., acceptInsecureCerts: false, base.url: , browserName: chrome, chrome.driver: src/test/resources/driver/c..., driver: chrome, firefox.driver: src/test/resources/driver/g..., goog:chromeOptions: {args: [--start-maximized], extensions: []}, ie.driver: src/test/resources/driver/I..., loggingPrefs: org.openqa.selenium.logging..., timeouts.implicitlywait: 30000}
Starting ChromeDriver 107.0.5304.62 (1eec40d3a5764881c92085aaee66d25075c159aa-refs/branch-heads/5304@{#942}) on port 42666
Only local connections are allowed.
Please see https://chromedriver.chromium.org/security-considerations for suggestions on keeping ChromeDriver safe.
ChromeDriver was started successfully.
nov 24, 2022 12:58:16 AM org.openqa.selenium.remote.ProtocolHandshake createSession
INFORMACIÓN: Detected dialect: W3C
[main] INFO  - 
  _____   ___   ___   _____     ___     _     ___   ___   ___   ___  
 |_   _| | __| / __| |_   _|   | _ \   /_\   / __| / __| | __| |   \ 
   | |   | _|  \__ \   | |     |  _/  / _ \  \__ \ \__ \ | _|  | |) |
   |_|   |___| |___/   |_|     |_|   /_/ \_\ |___/ |___/ |___| |___/ 

Crear preenvio de contado
----------------------------------------------------------------------
]]></system-err>
  </testcase>
  <testcase name="Crear preenvio pago en casa" classname="Usuario crea prenvios diferentes modos de pago" time="172.561">
    <system-out><![CDATA[
@Formulario_Prenvios @PruebasAfectacion @PruebasRegresion
Scenario: Crear preenvio pago en casa             &amp#27;[90m# src/test/resources/features/DiferentesPreenvios.feature:11&amp#27;[0m
Ingrasando Datos Personales
  &amp#27;[32mGiven &amp#27;[0m&amp#27;[32mUsuario frecuente ingresa a tus recogidas&amp#27;[0m &amp#27;[90m# com.Inter.AdminRecogidas.definitions.AdminformularioDefinitions.IngresoRecogidas()&amp#27;[0m
  &amp#27;[32mWhen &amp#27;[0m&amp#27;[32mIngreso datos de preenvio pago en casa&amp#27;[0m     &amp#27;[90m# com.Inter.AdminRecogidas.definitions.AdminformularioDefinitions.PreenvioPagoCasa()&amp#27;[0m
Numero de preenvio: 750000020265
Se creo la Data
Cliente con Numero de Cedula: 1024567308 crea un preenvio exitosamente
  &amp#27;[32mThen &amp#27;[0m&amp#27;[32mEl preenvio se crea exitosamente&amp#27;[0m           &amp#27;[90m# com.Inter.AdminRecogidas.definitions.AdminformularioDefinitions.FormularioPreenvio()&amp#27;[0m
]]></system-out>
    <system-err><![CDATA[[main] INFO io.cucumber.core.plugin.SerenityReporter - Running feature from file:///C:/Users/esneyderfromero/Desktop/Proyectos%20de%20automatizacion/Admin%20Recogidas/src/test/resources/features/DiferentesPreenvios.feature
[main] WARN io.cucumber.core.plugin.SerenityReporter - Feature from file:///C:/Users/esneyderfromero/Desktop/Proyectos%20de%20automatizacion/Admin%20Recogidas/src/test/resources/features/DiferentesPreenvios.feature is not under the 'features' directory. Requirements report will not be correctly generated!
[main] INFO  - 
  _____   ___   ___   _____     ___   _____     _     ___   _____   ___   ___  
 |_   _| | __| / __| |_   _|   / __| |_   _|   /_\   | _ \ |_   _| | __| |   \ 
   | |   | _|  \__ \   | |     \__ \   | |    / _ \  |   /   | |   | _|  | |) |
   |_|   |___| |___/   |_|     |___/   |_|   /_/ \_\ |_|_\   |_|   |___| |___/ 

Crear preenvio pago en casa(usuario-crea-prenvios-diferentes-modos-de-pago;crear-preenvio-pago-en-casa)
--------------------------------------------------------------------------------
[main] INFO net.serenitybdd.core.webdriver.driverproviders.ChromeDriverProvider - Using automatically driver download
[main] INFO io.github.bonigarcia.wdm.WebDriverManager - Using chromedriver 107.0.5304.62 (resolved driver for Chrome 107)
[main] INFO io.github.bonigarcia.wdm.WebDriverManager - Exporting webdriver.chrome.driver as C:\Users\esneyderfromero\.cache\selenium\chromedriver\win32\107.0.5304.62\chromedriver.exe
[main] INFO net.serenitybdd.core.webdriver.driverproviders.ProvideNewDriver - Instantiating driver
[main] INFO net.serenitybdd.core.webdriver.driverproviders.ProvideNewDriver - Driver capabilities: Capabilities {Url: https://recogidasencasadesa..., acceptInsecureCerts: false, base.url: , browserName: chrome, chrome.driver: src/test/resources/driver/c..., driver: chrome, firefox.driver: src/test/resources/driver/g..., goog:chromeOptions: {args: [--start-maximized], extensions: []}, ie.driver: src/test/resources/driver/I..., loggingPrefs: org.openqa.selenium.logging..., timeouts.implicitlywait: 30000}
Starting ChromeDriver 107.0.5304.62 (1eec40d3a5764881c92085aaee66d25075c159aa-refs/branch-heads/5304@{#942}) on port 34529
Only local connections are allowed.
Please see https://chromedriver.chromium.org/security-considerations for suggestions on keeping ChromeDriver safe.
ChromeDriver was started successfully.
nov 24, 2022 1:02:01 AM org.openqa.selenium.remote.ProtocolHandshake createSession
INFORMACIÓN: Detected dialect: W3C
[main] INFO  - 
  _____   ___   ___   _____     ___     _     ___   ___   ___   ___  
 |_   _| | __| / __| |_   _|   | _ \   /_\   / __| / __| | __| |   \ 
   | |   | _|  \__ \   | |     |  _/  / _ \  \__ \ \__ \ | _|  | |) |
   |_|   |___| |___/   |_|     |_|   /_/ \_\ |___/ |___/ |___| |___/ 

Crear preenvio pago en casa
----------------------------------------------------------------------
]]></system-err>
  </testcase>
  <testcase name="Crear preenvio al cobro" classname="Usuario crea prenvios diferentes modos de pago" time="166.674">
    <system-out><![CDATA[
@Formulario_Prenvios @PruebasAfectacion @PruebasRegresion
Scenario: Crear preenvio al cobro                 &amp#27;[90m# src/test/resources/features/DiferentesPreenvios.feature:17&amp#27;[0m
Ingrasando Datos Personales
  &amp#27;[32mGiven &amp#27;[0m&amp#27;[32mUsuario frecuente ingresa a tus recogidas&amp#27;[0m &amp#27;[90m# com.Inter.AdminRecogidas.definitions.AdminformularioDefinitions.IngresoRecogidas()&amp#27;[0m
  &amp#27;[32mWhen &amp#27;[0m&amp#27;[32mIngreso datos de preenvio al cobro&amp#27;[0m         &amp#27;[90m# com.Inter.AdminRecogidas.definitions.AdminformularioDefinitions.PreenvioCobro()&amp#27;[0m
Numero de preenvio: 750000020266
Se creo la Data
Cliente con Numero de Cedula: 1024567308 crea un preenvio exitosamente
  &amp#27;[32mThen &amp#27;[0m&amp#27;[32mEl preenvio se crea exitosamente&amp#27;[0m           &amp#27;[90m# com.Inter.AdminRecogidas.definitions.AdminformularioDefinitions.FormularioPreenvio()&amp#27;[0m
]]></system-out>
    <system-err><![CDATA[[main] INFO io.cucumber.core.plugin.SerenityReporter - Running feature from file:///C:/Users/esneyderfromero/Desktop/Proyectos%20de%20automatizacion/Admin%20Recogidas/src/test/resources/features/DiferentesPreenvios.feature
[main] WARN io.cucumber.core.plugin.SerenityReporter - Feature from file:///C:/Users/esneyderfromero/Desktop/Proyectos%20de%20automatizacion/Admin%20Recogidas/src/test/resources/features/DiferentesPreenvios.feature is not under the 'features' directory. Requirements report will not be correctly generated!
[main] INFO  - 
  _____   ___   ___   _____     ___   _____     _     ___   _____   ___   ___  
 |_   _| | __| / __| |_   _|   / __| |_   _|   /_\   | _ \ |_   _| | __| |   \ 
   | |   | _|  \__ \   | |     \__ \   | |    / _ \  |   /   | |   | _|  | |) |
   |_|   |___| |___/   |_|     |___/   |_|   /_/ \_\ |_|_\   |_|   |___| |___/ 

Crear preenvio al cobro(usuario-crea-prenvios-diferentes-modos-de-pago;crear-preenvio-al-cobro)
--------------------------------------------------------------------------------
[main] INFO net.serenitybdd.core.webdriver.driverproviders.ChromeDriverProvider - Using automatically driver download
[main] INFO io.github.bonigarcia.wdm.WebDriverManager - Using chromedriver 107.0.5304.62 (resolved driver for Chrome 107)
[main] INFO io.github.bonigarcia.wdm.WebDriverManager - Exporting webdriver.chrome.driver as C:\Users\esneyderfromero\.cache\selenium\chromedriver\win32\107.0.5304.62\chromedriver.exe
[main] INFO net.serenitybdd.core.webdriver.driverproviders.ProvideNewDriver - Instantiating driver
[main] INFO net.serenitybdd.core.webdriver.driverproviders.ProvideNewDriver - Driver capabilities: Capabilities {Url: https://recogidasencasadesa..., acceptInsecureCerts: false, base.url: , browserName: chrome, chrome.driver: src/test/resources/driver/c..., driver: chrome, firefox.driver: src/test/resources/driver/g..., goog:chromeOptions: {args: [--start-maximized], extensions: []}, ie.driver: src/test/resources/driver/I..., loggingPrefs: org.openqa.selenium.logging..., timeouts.implicitlywait: 30000}
Starting ChromeDriver 107.0.5304.62 (1eec40d3a5764881c92085aaee66d25075c159aa-refs/branch-heads/5304@{#942}) on port 27940
Only local connections are allowed.
Please see https://chromedriver.chromium.org/security-considerations for suggestions on keeping ChromeDriver safe.
ChromeDriver was started successfully.
nov 24, 2022 1:04:54 AM org.openqa.selenium.remote.ProtocolHandshake createSession
INFORMACIÓN: Detected dialect: W3C
[main] INFO  - 
  _____   ___   ___   _____     ___     _     ___   ___   ___   ___  
 |_   _| | __| / __| |_   _|   | _ \   /_\   / __| / __| | __| |   \ 
   | |   | _|  \__ \   | |     |  _/  / _ \  \__ \ \__ \ | _|  | |) |
   |_|   |___| |___/   |_|     |_|   /_/ \_\ |___/ |___/ |___| |___/ 

Crear preenvio al cobro
----------------------------------------------------------------------
]]></system-err>
  </testcase>
  <testcase name="Crear preenvio con convenio" classname="Usuario crea prenvios diferentes modos de pago" time="170.694">
    <system-out><![CDATA[
@Formulario_Prenvios @PruebasAfectacion @PruebasRegresion
Scenario: Crear preenvio con convenio             &amp#27;[90m# src/test/resources/features/DiferentesPreenvios.feature:23&amp#27;[0m
Ingrasando Datos Personales
  &amp#27;[32mGiven &amp#27;[0m&amp#27;[32mUsuario frecuente ingresa a tus recogidas&amp#27;[0m &amp#27;[90m# com.Inter.AdminRecogidas.definitions.AdminformularioDefinitions.IngresoRecogidas()&amp#27;[0m
  &amp#27;[32mWhen &amp#27;[0m&amp#27;[32mIngreso datos de preenvio con convenio&amp#27;[0m     &amp#27;[90m# com.Inter.AdminRecogidas.definitions.AdminformularioDefinitions.PreenvioConvenio()&amp#27;[0m
Numero de preenvio: 250000001037
Se creo la Data
Cliente con Numero de Cedula: 1024567308 crea un preenvio exitosamente
  &amp#27;[32mThen &amp#27;[0m&amp#27;[32mEl preenvio se crea exitosamente&amp#27;[0m           &amp#27;[90m# com.Inter.AdminRecogidas.definitions.AdminformularioDefinitions.FormularioPreenvio()&amp#27;[0m
]]></system-out>
    <system-err><![CDATA[[main] INFO io.cucumber.core.plugin.SerenityReporter - Running feature from file:///C:/Users/esneyderfromero/Desktop/Proyectos%20de%20automatizacion/Admin%20Recogidas/src/test/resources/features/DiferentesPreenvios.feature
[main] WARN io.cucumber.core.plugin.SerenityReporter - Feature from file:///C:/Users/esneyderfromero/Desktop/Proyectos%20de%20automatizacion/Admin%20Recogidas/src/test/resources/features/DiferentesPreenvios.feature is not under the 'features' directory. Requirements report will not be correctly generated!
[main] INFO  - 
  _____   ___   ___   _____     ___   _____     _     ___   _____   ___   ___  
 |_   _| | __| / __| |_   _|   / __| |_   _|   /_\   | _ \ |_   _| | __| |   \ 
   | |   | _|  \__ \   | |     \__ \   | |    / _ \  |   /   | |   | _|  | |) |
   |_|   |___| |___/   |_|     |___/   |_|   /_/ \_\ |_|_\   |_|   |___| |___/ 

Crear preenvio con convenio(usuario-crea-prenvios-diferentes-modos-de-pago;crear-preenvio-con-convenio)
--------------------------------------------------------------------------------
[main] INFO net.serenitybdd.core.webdriver.driverproviders.ChromeDriverProvider - Using automatically driver download
[main] INFO io.github.bonigarcia.wdm.WebDriverManager - Using chromedriver 107.0.5304.62 (resolved driver for Chrome 107)
[main] INFO io.github.bonigarcia.wdm.WebDriverManager - Exporting webdriver.chrome.driver as C:\Users\esneyderfromero\.cache\selenium\chromedriver\win32\107.0.5304.62\chromedriver.exe
[main] INFO net.serenitybdd.core.webdriver.driverproviders.ProvideNewDriver - Instantiating driver
[main] INFO net.serenitybdd.core.webdriver.driverproviders.ProvideNewDriver - Driver capabilities: Capabilities {Url: https://recogidasencasadesa..., acceptInsecureCerts: false, base.url: , browserName: chrome, chrome.driver: src/test/resources/driver/c..., driver: chrome, firefox.driver: src/test/resources/driver/g..., goog:chromeOptions: {args: [--start-maximized], extensions: []}, ie.driver: src/test/resources/driver/I..., loggingPrefs: org.openqa.selenium.logging..., timeouts.implicitlywait: 30000}
Starting ChromeDriver 107.0.5304.62 (1eec40d3a5764881c92085aaee66d25075c159aa-refs/branch-heads/5304@{#942}) on port 18710
Only local connections are allowed.
Please see https://chromedriver.chromium.org/security-considerations for suggestions on keeping ChromeDriver safe.
ChromeDriver was started successfully.
nov 24, 2022 1:07:41 AM org.openqa.selenium.remote.ProtocolHandshake createSession
INFORMACIÓN: Detected dialect: W3C
[main] INFO  - 
  _____   ___   ___   _____     ___     _     ___   ___   ___   ___  
 |_   _| | __| / __| |_   _|   | _ \   /_\   / __| / __| | __| |   \ 
   | |   | _|  \__ \   | |     |  _/  / _ \  \__ \ \__ \ | _|  | |) |
   |_|   |___| |___/   |_|     |_|   /_/ \_\ |___/ |___/ |___| |___/ 

Crear preenvio con convenio
----------------------------------------------------------------------
]]></system-err>
  </testcase>
</testsuite>